--------------------------------------------------------------------------------
Release 13.3 Trace  (nt64)
Copyright (c) 1995-2011 Xilinx, Inc.  All rights reserved.

C:\Xilinx\13.3\ISE_DS\ISE\bin\nt64\unwrapped\trce.exe -intstyle ise -v 3 -s 3
-n 3 -fastpaths -xml Snake.twx Snake.ncd -o Snake.twr Snake.pcf -ucf
MapSnake.ucf

Design file:              Snake.ncd
Physical constraint file: Snake.pcf
Device,package,speed:     xc6slx16,csg324,C,-3 (PRODUCTION 1.20 2011-10-03)
Report level:             verbose report

Environment Variable      Effect 
--------------------      ------ 
NONE                      No environment variables were set
--------------------------------------------------------------------------------

INFO:Timing:2698 - No timing constraints found, doing default enumeration.
INFO:Timing:2752 - To get complete path coverage, use the unconstrained paths 
   option. All paths that are not constrained will be reported in the 
   unconstrained paths section(s) of the report.
INFO:Timing:3339 - The clock-to-out numbers in this timing report are based on 
   a 50 Ohm transmission line loading model.  For the details of this model, 
   and for more information on accounting for different loading conditions, 
   please see the device datasheet.



Data Sheet report:
-----------------
All values displayed in nanoseconds (ns)

Setup/Hold to clock clk
------------+------------+------------+------------+------------+------------------+--------+
            |Max Setup to|  Process   |Max Hold to |  Process   |                  | Clock  |
Source      | clk (edge) |   Corner   | clk (edge) |   Corner   |Internal Clock(s) | Phase  |
------------+------------+------------+------------+------------+------------------+--------+
down        |    1.953(R)|      SLOW  |   -0.321(R)|      SLOW  |clk_BUFGP         |   0.000|
left        |    2.777(R)|      SLOW  |   -0.514(R)|      SLOW  |clk_BUFGP         |   0.000|
level1      |    0.996(R)|      FAST  |   -0.484(R)|      SLOW  |clk_BUFGP         |   0.000|
level2      |    0.871(R)|      FAST  |   -0.248(R)|      SLOW  |clk_BUFGP         |   0.000|
reset       |   11.287(R)|      SLOW  |   -2.046(R)|      FAST  |clk_BUFGP         |   0.000|
right       |    2.344(R)|      SLOW  |   -0.397(R)|      SLOW  |clk_BUFGP         |   0.000|
speed1      |    1.684(R)|      SLOW  |   -1.085(R)|      FAST  |clk_BUFGP         |   0.000|
speed2      |    1.237(R)|      FAST  |   -0.725(R)|      SLOW  |clk_BUFGP         |   0.000|
up          |    1.582(R)|      SLOW  |    0.008(R)|      SLOW  |clk_BUFGP         |   0.000|
------------+------------+------------+------------+------------+------------------+--------+

Clock clk to Pad
------------+-----------------+------------+-----------------+------------+------------------+--------+
            |Max (slowest) clk|  Process   |Min (fastest) clk|  Process   |                  | Clock  |
Destination |  (edge) to PAD  |   Corner   |  (edge) to PAD  |   Corner   |Internal Clock(s) | Phase  |
------------+-----------------+------------+-----------------+------------+------------------+--------+
B           |         7.903(R)|      SLOW  |         4.142(R)|      FAST  |clk_BUFGP         |   0.000|
G           |         8.498(R)|      SLOW  |         4.500(R)|      FAST  |clk_BUFGP         |   0.000|
R           |         8.058(R)|      SLOW  |         4.300(R)|      FAST  |clk_BUFGP         |   0.000|
------------+-----------------+------------+-----------------+------------+------------------+--------+

Clock to Setup on destination clock clk
---------------+---------+---------+---------+---------+
               | Src:Rise| Src:Fall| Src:Rise| Src:Fall|
Source Clock   |Dest:Rise|Dest:Rise|Dest:Fall|Dest:Fall|
---------------+---------+---------+---------+---------+
clk            |    7.770|         |         |         |
---------------+---------+---------+---------+---------+


Analysis completed Tue May 21 10:02:37 2013 
--------------------------------------------------------------------------------

Trace Settings:
-------------------------
Trace Settings 

Peak Memory Usage: 267 MB



